Turbo Assembler	 Version 2.01	     06/16/16 16:10:16	    Page 1
Final.txt



      1					 ;TITLE	TP Compilador 2016
      2	    0000			 .model	small
      3					 .386
      4	00000000			 .stack	300h
*Warning* Final.txt(4) Assuming	segment	is 32-bit
      5
      6	    0000			 .data
      7
      8
      9	    0000			 .code
     10
     11	    0000  DD 06	0004		 fld 4
*Warning* Final.txt(11)	Argument needs type override
**Error** Final.txt(11)	Illegal	immediate
     12	    0004  DD 1E	0000		 fstp _a
**Error** Final.txt(12)	Undefined symbol: _A
*Warning* Final.txt(12)	Argument needs type override
     13
     14					 end;
Turbo Assembler	 Version 2.01	     06/16/16 16:10:16	    Page 2
Symbol Table




Symbol Name			  Type	 Value

??DATE				  Text	 "06/16/16"
??FILENAME			  Text	 "Final	  "
??TIME				  Text	 "16:10:16"
??VERSION			  Number 0201
@CODE				  Text	 _TEXT
@CODESIZE			  Text	 0
@CPU				  Text	 0D0FH
@CURSEG				  Text	 _TEXT
@DATA				  Text	 DGROUP
@DATASIZE			  Text	 0
@FILENAME			  Text	 FINAL
@MODEL				  Text	 2
@WORDSIZE			  Text	 2

Groups & Segments		  Bit Size Align  Combine Class

DGROUP				  Group
  STACK				  32  0300 Para	  Stack	  STACK
  _DATA				  16  0000 Word	  Public  DATA
_TEXT				  16  0008 Word	  Public  CODE
Turbo Assembler	 Version 2.01	     06/16/16 16:10:16	    Page 3
Error Summary



*Warning* Final.txt(4) Assuming	segment	is 32-bit
*Warning* Final.txt(11)	Argument needs type override
**Error** Final.txt(11)	Illegal	immediate
**Error** Final.txt(12)	Undefined symbol: _A
*Warning* Final.txt(12)	Argument needs type override
